<?xml version="1.0" encoding="UTF-8"?>
<testng-results ignored="0" total="3" passed="3" failed="0" skipped="0">
  <reporter-output>
  </reporter-output>
  <suite started-at="2024-08-20T01:36:34 PDT" name="Default suite" finished-at="2024-08-20T01:36:55 PDT" duration-ms="21487">
    <groups>
    </groups>
    <test started-at="2024-08-20T01:36:34 PDT" name="Default test" finished-at="2024-08-20T01:36:55 PDT" duration-ms="21487">
      <class name="com.launchbrowser.AllBrowsers">
        <test-method signature="ChromeBrowserLaunch()[pri:1, instance:com.launchbrowser.AllBrowsers@6e171cd7]" started-at="2024-08-20T01:36:34 PDT" name="ChromeBrowserLaunch" finished-at="2024-08-20T01:36:40 PDT" duration-ms="6227" status="PASS">
          <reporter-output>
          </reporter-output>
        </test-method> <!-- ChromeBrowserLaunch -->
        <test-method signature="EdgeBrowserLaunch()[pri:2, instance:com.launchbrowser.AllBrowsers@6e171cd7]" started-at="2024-08-20T01:36:40 PDT" name="EdgeBrowserLaunch" finished-at="2024-08-20T01:36:47 PDT" duration-ms="7067" status="PASS">
          <reporter-output>
          </reporter-output>
        </test-method> <!-- EdgeBrowserLaunch -->
        <test-method signature="FirefoxBrowserLaunch()[pri:3, instance:com.launchbrowser.AllBrowsers@6e171cd7]" started-at="2024-08-20T01:36:47 PDT" name="FirefoxBrowserLaunch" finished-at="2024-08-20T01:36:55 PDT" duration-ms="8148" status="PASS">
          <reporter-output>
          </reporter-output>
        </test-method> <!-- FirefoxBrowserLaunch -->
      </class> <!-- com.launchbrowser.AllBrowsers -->
    </test> <!-- Default test -->
  </suite> <!-- Default suite -->
</testng-results>
