<?xml version="1.0" encoding="UTF-8"?>
<!-- Generated by org.testng.reporters.JUnitXMLReporter -->
<testsuite ignored="0" hostname="win2019" failures="0" tests="3" name="Default test" time="21.487" errors="0" timestamp="2024-08-20T01:36:55 PDT">
  <testcase classname="com.launchbrowser.AllBrowsers" name="ChromeBrowserLaunch" time="6.227"/>
  <testcase classname="com.launchbrowser.AllBrowsers" name="EdgeBrowserLaunch" time="7.067"/>
  <testcase classname="com.launchbrowser.AllBrowsers" name="FirefoxBrowserLaunch" time="8.148"/>
</testsuite> <!-- Default test -->
